<?xml version="1.0" encoding="UTF-8"?>
<!-- Generated by org.testng.reporters.JUnitReportReporter -->
<testsuite hostname="LAPTOP-N0NMLPFO" failures="0" tests="1" name="umbrellaproject.Mavenjava.AppTest" time="0.015" errors="0" timestamp="2020-10-12T22:36:31 IST" skipped="0">
  <testcase classname="umbrellaproject.Mavenjava.AppTest" name="shouldAnswerWithTrue" time="0.015"/>
  <system-out/>
</testsuite> <!-- umbrellaproject.Mavenjava.AppTest -->
