<?xml version="1.0" encoding="UTF-8"?>
<!-- Generated by org.testng.reporters.JUnitReportReporter -->
<testsuite hostname="LAPTOP-N0NMLPFO" failures="0" tests="2" name="umbrellaproject.Mavenjava.RestAPITest" time="0.001" errors="0" timestamp="2020-10-14T21:35:58 IST" skipped="0">
  <testcase classname="umbrellaproject.Mavenjava.RestAPITest" name="postJira" time="0.000"/>
  <system-out/>
  <testcase classname="umbrellaproject.Mavenjava.RestAPITest" name="deleteTwitter" time="0.001"/>
  <system-out/>
</testsuite> <!-- umbrellaproject.Mavenjava.RestAPITest -->
