<?xml version="1.0" encoding="UTF-8"?>
<!-- Generated by org.testng.reporters.JUnitReportReporter -->
<testsuite hostname="LAPTOP-N0NMLPFO" failures="0" tests="2" name="umbrellaproject.Mavenjava.AppiumTest" time="0.003" errors="0" timestamp="2020-10-14T21:35:58 IST" skipped="0">
  <testcase classname="umbrellaproject.Mavenjava.AppiumTest" name="IOSApps" time="0.003"/>
  <system-out/>
  <testcase classname="umbrellaproject.Mavenjava.AppiumTest" name="nativeAppAndroid" time="0.000"/>
  <system-out/>
</testsuite> <!-- umbrellaproject.Mavenjava.AppiumTest -->
