<?xml version="1.0" encoding="UTF-8"?>
<!-- Generated by org.testng.reporters.JUnitReportReporter -->
<testsuite hostname="LAPTOP-N0NMLPFO" failures="0" tests="2" name="umbrellaproject.Mavenjava.SeleniumTest" time="0.000" errors="0" timestamp="2020-10-14T21:35:58 IST" skipped="0">
  <testcase classname="umbrellaproject.Mavenjava.SeleniumTest" name="BrowserAutomation" time="0.000"/>
  <system-out/>
  <testcase classname="umbrellaproject.Mavenjava.SeleniumTest" name="elementsUI" time="0.000"/>
  <system-out/>
</testsuite> <!-- umbrellaproject.Mavenjava.SeleniumTest -->
